[+] Containers:
 |- [+] Container: /Game/ThirdPerson/Maps/ThirdPersonMap
 |   |- [+] ActorDescs:
 |   |   |- Guid:24C7BCD449C42A29DF9BFE93937AE1FE BaseClass:/Game/BluePrint/BP_Locker.BP_Locker_C NativeClass:/Script/Engine.Actor Name:BP_Locker_C_UAID_A05950BC5605881702_1242151805 Label:BP_Locker SpatiallyLoaded:1 Bounds:IsValid=true, Min=(X=261.751 Y=1161.751 Z=-6.721), Max=(X=392.890 Y=1292.890 Z=143.462) RuntimeGrid:None EditorOnly:0 RuntimeOnly:0 HLODRelevant:0 ListedInSceneOutliner:1 IsMainWorldOnly:0
 |   |   |- Guid:2FB58999456391D349DC0F86DAC136ED BaseClass: NativeClass:/Script/Engine.SkyLight Name:SkyLight_1 Label:SkyLight SpatiallyLoaded:0 Bounds:IsValid=true, Min=(X=0.000 Y=0.000 Z=690.000), Max=(X=0.000 Y=0.000 Z=690.000) RuntimeGrid:None EditorOnly:0 RuntimeOnly:0 HLODRelevant:0 ListedInSceneOutliner:1 IsMainWorldOnly:0 FolderPath:Lighting FolderGuid:963EC3EB4002CCE9759E2EBA541A873A
 |   |   |- Guid:316CF2A6494ACA4C0E4180A87D36AB8F BaseClass: NativeClass:/Script/Engine.ExponentialHeightFog Name:ExponentialHeightFog_0 Label:ExponentialHeightFog SpatiallyLoaded:0 Bounds:IsValid=true, Min=(X=-5600.000 Y=-50.000 Z=-6850.000), Max=(X=-5600.000 Y=-50.000 Z=-6850.000) RuntimeGrid:None EditorOnly:0 RuntimeOnly:0 HLODRelevant:0 ListedInSceneOutliner:1 IsMainWorldOnly:0 FolderPath:Lighting FolderGuid:963EC3EB4002CCE9759E2EBA541A873A
 |   |   |- Guid:3A00AA1C422CE54C0BDB60BAF471BFBB BaseClass: NativeClass:/Script/Engine.PlayerStart Name:PlayerStart_0 Label:PlayerStart SpatiallyLoaded:0 Bounds:IsValid=true, Min=(X=860.000 Y=690.000 Z=0.013), Max=(X=940.000 Y=770.000 Z=184.013) RuntimeGrid:None EditorOnly:0 RuntimeOnly:0 HLODRelevant:0 ListedInSceneOutliner:1 IsMainWorldOnly:0
 |   |   |- Guid:3DF52BAE4154F963B2722098D6FBEDE4 BaseClass:/Game/BluePrint/BP_NewTable.BP_NewTable_C NativeClass:/Script/Engine.Actor Name:BP_NewTable_C_UAID_A05950BC5605D21702_1384585747 Label:BP_NewTable4 SpatiallyLoaded:1 Bounds:IsValid=true, Min=(X=352.000 Y=806.000 Z=-0.334), Max=(X=448.000 Y=934.667 Z=102.000) RuntimeGrid:None EditorOnly:0 RuntimeOnly:0 HLODRelevant:0 ListedInSceneOutliner:1 IsMainWorldOnly:0
 |   |   |- Guid:3F6E748D4D49E1C36952528CF8DC068D BaseClass: NativeClass:/Script/Engine.StaticMeshActor Name:StaticMeshActor_UAID_A05950BC56055E1802_1369541393 Label:Cube5 SpatiallyLoaded:1 Bounds:IsValid=true, Min=(X=895.000 Y=1380.000 Z=0.000), Max=(X=1295.000 Y=1430.000 Z=400.000) RuntimeGrid:None EditorOnly:0 RuntimeOnly:0 HLODRelevant:1 ListedInSceneOutliner:1 IsMainWorldOnly:0 FolderPath:School FolderGuid:607A366D4201CDB9A2F0BEA43AEADC5E
 |   |   |- Guid:43815E84492231AFC407F59E3C28176B BaseClass: NativeClass:/Script/Engine.StaticMeshActor Name:StaticMeshActor_4 Label:SM_Cube6 SpatiallyLoaded:1 Bounds:IsValid=true, Min=(X=2900.000 Y=100.000 Z=0.000), Max=(X=3000.000 Y=3400.000 Z=400.000) RuntimeGrid:None EditorOnly:0 RuntimeOnly:0 HLODRelevant:1 ListedInSceneOutliner:1 IsMainWorldOnly:0 FolderPath:Playground FolderGuid:C73F09FC4215536B1DCE2A9E0A830C70
 |   |   |- Guid:4B3DD90945AED63EFE7B44A808A03458 BaseClass: NativeClass:/Script/Engine.StaticMeshActor Name:StaticMeshActor_UAID_A05950BC56055C1802_1227838033 Label:SM_Wire SpatiallyLoaded:1 Bounds:IsValid=true, Min=(X=2170.000 Y=400.000 Z=-0.000), Max=(X=2470.000 Y=400.000 Z=300.000) RuntimeGrid:None EditorOnly:0 RuntimeOnly:0 HLODRelevant:1 ListedInSceneOutliner:1 IsMainWorldOnly:0 FolderPath:Wire FolderGuid:BC0872DB43312A9344DE6097FA4CD62F
 |   |   |- Guid:4D3BE93F4146AAAC8BBE79999D96D57F BaseClass: NativeClass:/Script/Engine.VolumetricCloud Name:VolumetricCloud_0 Label:VolumetricCloud SpatiallyLoaded:0 Bounds:IsValid=true, Min=(X=0.000 Y=0.000 Z=820.000), Max=(X=0.000 Y=0.000 Z=820.000) RuntimeGrid:None EditorOnly:0 RuntimeOnly:0 HLODRelevant:0 ListedInSceneOutliner:1 IsMainWorldOnly:0 FolderPath:Lighting FolderGuid:963EC3EB4002CCE9759E2EBA541A873A
 |   |   |- Guid:4E9758A94B5577684E77EFAD2E781E8D BaseClass: NativeClass:/Script/NavigationSystem.NavMeshBoundsVolume Name:NavMeshBoundsVolume_UAID_A05950BC56059A1702_1936991083 Label:NavMeshBoundsVolume SpatiallyLoaded:0 Bounds:IsValid=true, Min=(X=1750.000 Y=1860.000 Z=-40.000), Max=(X=2350.000 Y=2860.000 Z=160.000) RuntimeGrid:None EditorOnly:0 RuntimeOnly:0 HLODRelevant:0 ListedInSceneOutliner:1 IsMainWorldOnly:0
 |   |   |- Guid:5017B1EA46C18E70CCB96FB72D7F508C BaseClass:/Game/BluePrint/BP_Light.BP_Light_C NativeClass:/Script/Engine.Actor Name:BP_Light_C_UAID_A05950BC56053E1802_1945392757 Label:BP_Light SpatiallyLoaded:1 Bounds:IsValid=true, Min=(X=1794.000 Y=926.980 Z=104.000), Max=(X=1826.000 Y=992.000 Z=136.000) RuntimeGrid:None EditorOnly:0 RuntimeOnly:0 HLODRelevant:0 ListedInSceneOutliner:1 IsMainWorldOnly:0
 |   |   |- Guid:50C267574CE79A80E484CA876913F2A1 BaseClass:/Game/BluePrint/BP_NewTable.BP_NewTable_C NativeClass:/Script/Engine.Actor Name:BP_NewTable_C_UAID_A05950BC56058E1702_1537064955 Label:BP_NewTable SpatiallyLoaded:1 Bounds:IsValid=true, Min=(X=702.000 Y=516.000 Z=-0.334), Max=(X=798.000 Y=644.667 Z=102.000) RuntimeGrid:None EditorOnly:0 RuntimeOnly:0 HLODRelevant:0 ListedInSceneOutliner:1 IsMainWorldOnly:0
 |   |   |- Guid:5463BBA14151DC58A1981399BB680BE9 BaseClass:/Game/BluePrint/BP_RoomLight.BP_RoomLight_C NativeClass:/Script/Engine.Actor Name:BP_RoomLight_C_UAID_A05950BC5605601802_1222337812 Label:BP_RoomLight SpatiallyLoaded:1 Bounds:IsValid=true, Min=(X=65.914 Y=720.000 Z=365.914), Max=(X=194.086 Y=820.000 Z=494.086) RuntimeGrid:None EditorOnly:0 RuntimeOnly:0 HLODRelevant:0 ListedInSceneOutliner:1 IsMainWorldOnly:0
 |   |   |- Guid:5B97F4A64FB21F77EFC44386BF705B4C BaseClass: NativeClass:/Script/Engine.TextRenderActor Name:TextRenderActor_1 Label:TextRenderActor SpatiallyLoaded:1 Bounds:IsValid=true, Min=(X=-0.100 Y=1100.000 Z=65.013), Max=(X=-0.100 Y=2392.308 Z=215.013) RuntimeGrid:None EditorOnly:0 RuntimeOnly:0 HLODRelevant:0 ListedInSceneOutliner:1 IsMainWorldOnly:0
 |   |   |- Guid:60B1B92C45C9A25D57F893B7760D0C19 BaseClass: NativeClass:/Script/Engine.StaticMeshActor Name:StaticMeshActor_UAID_A05950BC56055E1802_1381062395 Label:Cube7 SpatiallyLoaded:1 Bounds:IsValid=true, Min=(X=95.000 Y=1380.000 Z=0.000), Max=(X=495.000 Y=1430.000 Z=400.000) RuntimeGrid:None EditorOnly:0 RuntimeOnly:0 HLODRelevant:1 ListedInSceneOutliner:1 IsMainWorldOnly:0 FolderPath:School FolderGuid:607A366D4201CDB9A2F0BEA43AEADC5E
 |   |   |- Guid:61748C114BBD449BBBEE208D92E9BAE0 BaseClass: NativeClass:/Script/Engine.StaticMeshActor Name:StaticMeshActor_UAID_A05950BC56055D1802_2131277214 Label:Cube2 SpatiallyLoaded:1 Bounds:IsValid=true, Min=(X=1645.000 Y=585.000 Z=0.000), Max=(X=1695.000 Y=985.000 Z=400.000) RuntimeGrid:None EditorOnly:0 RuntimeOnly:0 HLODRelevant:1 ListedInSceneOutliner:1 IsMainWorldOnly:0 FolderPath:School FolderGuid:607A366D4201CDB9A2F0BEA43AEADC5E
 |   |   |- Guid:6359A1984A728F72B206D4B355823D11 BaseClass:/Game/BluePrint/Enermy/BP_AIenermy.BP_AIenermy_C NativeClass:/Script/Engine.Character Name:BP_AIenermy_C_UAID_A05950BC56059C1702_1978016437 Label:BP_AIenermy SpatiallyLoaded:1 Bounds:IsValid=true, Min=(X=1965.000 Y=2525.000 Z=0.000), Max=(X=2037.592 Y=2595.000 Z=181.332) RuntimeGrid:None EditorOnly:0 RuntimeOnly:0 HLODRelevant:0 ListedInSceneOutliner:1 IsMainWorldOnly:0
 |   |   |- Guid:6BAF4DDD444C60371492D3919DB42C97 BaseClass: NativeClass:/Script/Engine.WorldDataLayers Name:WorldDataLayers Label:WorldDataLayers SpatiallyLoaded:0 Bounds:IsValid=true, Min=(X=0.000 Y=0.000 Z=0.000), Max=(X=0.000 Y=0.000 Z=0.000) RuntimeGrid:None EditorOnly:0 RuntimeOnly:0 HLODRelevant:0 ListedInSceneOutliner:1 IsMainWorldOnly:1
 |   |   |- Guid:6BC047504C8E7F5C9B86D7BE8924B050 BaseClass: NativeClass:/Script/Engine.StaticMeshActor Name:StaticMeshActor_UAID_A05950BC56055E1802_1394575396 Label:Cube8 SpatiallyLoaded:1 Bounds:IsValid=true, Min=(X=1645.000 Y=440.000 Z=200.000), Max=(X=1695.000 Y=640.000 Z=400.000) RuntimeGrid:None EditorOnly:0 RuntimeOnly:0 HLODRelevant:1 ListedInSceneOutliner:1 IsMainWorldOnly:0 FolderPath:School FolderGuid:607A366D4201CDB9A2F0BEA43AEADC5E
 |   |   |- Guid:6C5E3A8045466A984C5CEBB9F52B91E5 BaseClass:/Game/BluePrint/BP_RoomLight.BP_RoomLight_C NativeClass:/Script/Engine.Actor Name:BP_RoomLight_C_UAID_A05950BC5605601802_1342999813 Label:BP_RoomLight2 SpatiallyLoaded:1 Bounds:IsValid=true, Min=(X=1572.077 Y=720.000 Z=372.077), Max=(X=1687.923 Y=820.000 Z=487.923) RuntimeGrid:None EditorOnly:0 RuntimeOnly:0 HLODRelevant:0 ListedInSceneOutliner:1 IsMainWorldOnly:0
 |   |   |- Guid:74BC884C47BA7F78A5D594BD574F5A63 BaseClass:/Game/BluePrint/BP_SpDesk.BP_SpDesk_C NativeClass:/Script/Engine.Actor Name:BP_SpDesk_C_UAID_A05950BC56057C1702_1318716607 Label:BP_SpDesk SpatiallyLoaded:1 Bounds:IsValid=true, Min=(X=914.000 Y=388.000 Z=-0.334), Max=(X=1026.000 Y=532.000 Z=102.000) RuntimeGrid:None EditorOnly:0 RuntimeOnly:0 HLODRelevant:0 ListedInSceneOutliner:1 IsMainWorldOnly:0
 |   |   |- Guid:7979A59A4F3C626E841EF29D8C8DE0E9 BaseClass: NativeClass:/Script/Engine.StaticMeshActor Name:StaticMeshActor_UAID_A05950BC56055D1802_1560235211 Label:SM_Wire2 SpatiallyLoaded:1 Bounds:IsValid=true, Min=(X=2470.000 Y=400.000 Z=-0.000), Max=(X=2770.000 Y=400.000 Z=300.000) RuntimeGrid:None EditorOnly:0 RuntimeOnly:0 HLODRelevant:1 ListedInSceneOutliner:1 IsMainWorldOnly:0 FolderPath:Wire FolderGuid:BC0872DB43312A9344DE6097FA4CD62F
 |   |   |- Guid:7BF948194C3BB32E476F919879AAFC8A BaseClass: NativeClass:/Script/Engine.StaticMeshActor Name:StaticMeshActor_UAID_047C167C9694661802_1529209794 Label:S_Electrical_Boxes_vgyiedcaw_lod3_Var1 SpatiallyLoaded:1 Bounds:IsValid=true, Min=(X=1105.505 Y=445.470 Z=-0.437), Max=(X=1234.551 Y=478.003 Z=162.638) RuntimeGrid:None EditorOnly:0 RuntimeOnly:0 HLODRelevant:1 ListedInSceneOutliner:1 IsMainWorldOnly:0
 |   |   |- Guid:8B1A3C01452C6C64D1E7E58A85E4F9BA BaseClass: NativeClass:/Script/Engine.StaticMeshActor Name:StaticMeshActor_UAID_A05950BC56055E1802_1299957391 Label:Cube3 SpatiallyLoaded:1 Bounds:IsValid=true, Min=(X=1645.000 Y=985.000 Z=0.000), Max=(X=1695.000 Y=1385.000 Z=400.000) RuntimeGrid:None EditorOnly:0 RuntimeOnly:0 HLODRelevant:1 ListedInSceneOutliner:1 IsMainWorldOnly:0 FolderPath:School FolderGuid:607A366D4201CDB9A2F0BEA43AEADC5E
 |   |   |- Guid:8C5E51B0481D55F90D54F9BF220F9262 BaseClass: NativeClass:/Script/Engine.StaticMeshActor Name:StaticMeshActor_UAID_A05950BC56055D1802_1842626213 Label:Cube SpatiallyLoaded:1 Bounds:IsValid=true, Min=(X=1645.000 Y=100.000 Z=0.000), Max=(X=1695.000 Y=500.000 Z=400.000) RuntimeGrid:None EditorOnly:0 RuntimeOnly:0 HLODRelevant:1 ListedInSceneOutliner:1 IsMainWorldOnly:0 FolderPath:School FolderGuid:607A366D4201CDB9A2F0BEA43AEADC5E
 |   |   |- Guid:92B58EC141366E5CB014F382746200C9 BaseClass: NativeClass:/Script/Engine.StaticMeshActor Name:StaticMeshActor_UAID_A05950BC56055E1802_1613281454 Label:S_Wooden_Chair_uknkaffaw_lod3_Var1 SpatiallyLoaded:1 Bounds:IsValid=true, Min=(X=675.333 Y=718.601 Z=-0.272), Max=(X=724.599 Y=761.397 Z=85.090) RuntimeGrid:None EditorOnly:0 RuntimeOnly:0 HLODRelevant:0 ListedInSceneOutliner:1 IsMainWorldOnly:0
 |   |   |- Guid:9B20DB824237E9B5D3DE45960855D0EF BaseClass: NativeClass:/Script/Engine.StaticMeshActor Name:StaticMeshActor_UAID_A05950BC56055E1802_1313673392 Label:Cube4 SpatiallyLoaded:1 Bounds:IsValid=true, Min=(X=1295.000 Y=1380.000 Z=0.000), Max=(X=1695.000 Y=1430.000 Z=400.000) RuntimeGrid:None EditorOnly:0 RuntimeOnly:0 HLODRelevant:1 ListedInSceneOutliner:1 IsMainWorldOnly:0 FolderPath:School FolderGuid:607A366D4201CDB9A2F0BEA43AEADC5E
 |   |   |- Guid:9D088E4D4F8E03035480978DD33CA34F BaseClass: NativeClass:/Script/NavigationSystem.RecastNavMesh Name:RecastNavMesh_UAID_A05950BC56059A1702-Default Label:RecastNavMesh-Default SpatiallyLoaded:0 Bounds:IsValid=true, Min=(X=0.000 Y=0.000 Z=0.000), Max=(X=0.000 Y=0.000 Z=0.000) RuntimeGrid:None EditorOnly:0 RuntimeOnly:0 HLODRelevant:0 ListedInSceneOutliner:1 IsMainWorldOnly:0
 |   |   |- Guid:A56216954B2165CF0F35A886B537D536 BaseClass: NativeClass:/Script/Engine.StaticMeshActor Name:StaticMeshActor_0 Label:SM_Cube5 SpatiallyLoaded:1 Bounds:IsValid=true, Min=(X=-0.000 Y=100.000 Z=0.000), Max=(X=100.000 Y=3400.000 Z=400.000) RuntimeGrid:None EditorOnly:0 RuntimeOnly:0 HLODRelevant:1 ListedInSceneOutliner:1 IsMainWorldOnly:0 FolderPath:Playground FolderGuid:C73F09FC4215536B1DCE2A9E0A830C70
 |   |   |- Guid:A5E068D14AD8B37F093E57BB13BFE786 BaseClass:/Game/BluePrint/BP_NewTable.BP_NewTable_C NativeClass:/Script/Engine.Actor Name:BP_NewTable_C_UAID_A05950BC5605D21702_1394627748 Label:BP_NewTable5 SpatiallyLoaded:1 Bounds:IsValid=true, Min=(X=982.000 Y=866.000 Z=-0.334), Max=(X=1078.000 Y=994.667 Z=102.000) RuntimeGrid:None EditorOnly:0 RuntimeOnly:0 HLODRelevant:0 ListedInSceneOutliner:1 IsMainWorldOnly:0
 |   |   |- Guid:B19E937E4619D07645F5E7BB1B88C6E2 BaseClass:/Game/BluePrint/BP_NewTable.BP_NewTable_C NativeClass:/Script/Engine.Actor Name:BP_NewTable_C_UAID_A05950BC5605D21702_1376847745 Label:BP_NewTable2 SpatiallyLoaded:1 Bounds:IsValid=true, Min=(X=492.000 Y=516.000 Z=-0.334), Max=(X=588.000 Y=644.667 Z=102.000) RuntimeGrid:None EditorOnly:0 RuntimeOnly:0 HLODRelevant:0 ListedInSceneOutliner:1 IsMainWorldOnly:0
 |   |   |- Guid:B54483F6493C92B30D0CD2A8410D5098 BaseClass:/Game/BluePrint/BP_Door.BP_Door_C NativeClass:/Script/Engine.Actor Name:BP_Door_C_UAID_A05950BC5605551702_1483216752 Label:BP_Door SpatiallyLoaded:1 Bounds:IsValid=true, Min=(X=1636.000 Y=498.000 Z=0.728), Max=(X=1684.000 Y=594.000 Z=200.728) RuntimeGrid:None EditorOnly:0 RuntimeOnly:0 HLODRelevant:0 ListedInSceneOutliner:1 IsMainWorldOnly:0
 |   |   |- Guid:B785ED2844B84CFB91E7F39FE661CD99 BaseClass: NativeClass:/Script/Engine.DirectionalLight Name:DirectionalLight_0 Label:DirectionalLight SpatiallyLoaded:0 Bounds:IsValid=true, Min=(X=-1048576.000 Y=-1048576.000 Z=-1048576.000), Max=(X=1048576.000 Y=1048576.000 Z=1048576.000) RuntimeGrid:None EditorOnly:0 RuntimeOnly:0 HLODRelevant:0 ListedInSceneOutliner:1 IsMainWorldOnly:0 FolderPath:Lighting FolderGuid:963EC3EB4002CCE9759E2EBA541A873A
 |   |   |- Guid:BC08B79C4EA3C961CFF75EBBE83B367D BaseClass: NativeClass:/Script/Engine.StaticMeshActor Name:StaticMeshActor_5 Label:SM_Cube2 SpatiallyLoaded:1 Bounds:IsValid=true, Min=(X=0.000 Y=0.000 Z=0.000), Max=(X=3000.000 Y=100.000 Z=400.000) RuntimeGrid:None EditorOnly:0 RuntimeOnly:0 HLODRelevant:1 ListedInSceneOutliner:1 IsMainWorldOnly:0 FolderPath:Playground FolderGuid:C73F09FC4215536B1DCE2A9E0A830C70
 |   |   |- Guid:CCFF262C46EEFFDF319E7F9539CE697E BaseClass: NativeClass:/Script/Engine.SkyAtmosphere Name:SkyAtmosphere_0 Label:SkyAtmosphere SpatiallyLoaded:0 Bounds:IsValid=true, Min=(X=0.000 Y=0.000 Z=1020.000), Max=(X=0.000 Y=0.000 Z=1020.000) RuntimeGrid:None EditorOnly:0 RuntimeOnly:0 HLODRelevant:0 ListedInSceneOutliner:1 IsMainWorldOnly:0 FolderPath:Lighting FolderGuid:963EC3EB4002CCE9759E2EBA541A873A
 |   |   |- Guid:D56EAB09497D3869527FA5ABB2BDEB5B BaseClass:/Game/BluePrint/BP_SkyLight.BP_SkyLight_C NativeClass:/Script/Engine.Actor Name:BP_SkyLight_C_UAID_A05950BC56055F1802_1903741634 Label:BP_SkyLight SpatiallyLoaded:1 Bounds:IsValid=true, Min=(X=1627.332 Y=14.813 Z=280.504), Max=(X=1772.668 Y=185.187 Z=439.496) RuntimeGrid:None EditorOnly:0 RuntimeOnly:0 HLODRelevant:0 ListedInSceneOutliner:1 IsMainWorldOnly:0
 |   |   |- Guid:D7E394814448817A5D569F84A168354A BaseClass:/Game/BluePrint/Circuit/BP_Cir.BP_Cir_C NativeClass:/Script/Engine.Actor Name:BP_Cir_C_UAID_047C167C9694671802_1229100971 Label:BP_Cir SpatiallyLoaded:1 Bounds:IsValid=true, Min=(X=1450.000 Y=850.000 Z=90.000), Max=(X=1470.000 Y=870.000 Z=110.000) RuntimeGrid:None EditorOnly:0 RuntimeOnly:0 HLODRelevant:0 ListedInSceneOutliner:1 IsMainWorldOnly:0
 |   |   |- Guid:EC3036E14C9959A9CBB2518C43D10E6C BaseClass:/Game/BluePrint/BP_NewTable.BP_NewTable_C NativeClass:/Script/Engine.Actor Name:BP_NewTable_C_UAID_A05950BC5605D21702_1380397746 Label:BP_NewTable3 SpatiallyLoaded:1 Bounds:IsValid=true, Min=(X=702.000 Y=796.000 Z=-0.334), Max=(X=798.000 Y=924.667 Z=102.000) RuntimeGrid:None EditorOnly:0 RuntimeOnly:0 HLODRelevant:0 ListedInSceneOutliner:1 IsMainWorldOnly:0
 |   |   |- Guid:EC4E0C944CE6AC6E784BC6BB2916EA13 BaseClass: NativeClass:/Script/Engine.StaticMeshActor Name:StaticMeshActor_UAID_A4AE111137DC5EFB00_1110535423 Label:SM_SkySphere SpatiallyLoaded:0 Bounds:IsValid=true, Min=(X=-1638400.000 Y=-1638400.000 Z=-1638400.000), Max=(X=1638400.000 Y=1638400.000 Z=1638400.000) RuntimeGrid:None EditorOnly:0 RuntimeOnly:0 HLODRelevant:1 ListedInSceneOutliner:1 IsMainWorldOnly:0 FolderPath:Lighting FolderGuid:963EC3EB4002CCE9759E2EBA541A873A
 |   |   |- Guid:F1924B8D48954B30891B2DB6A694F9CC BaseClass: NativeClass:/Script/Engine.StaticMeshActor Name:StaticMeshActor_1 Label:SM_Cube SpatiallyLoaded:1 Bounds:IsValid=true, Min=(X=-50.000 Y=-50.000 Z=-100.000), Max=(X=3000.000 Y=3500.000 Z=0.000) RuntimeGrid:None EditorOnly:0 RuntimeOnly:0 HLODRelevant:1 ListedInSceneOutliner:1 IsMainWorldOnly:0 FolderPath:Playground FolderGuid:C73F09FC4215536B1DCE2A9E0A830C70
 |   |   |- Guid:F2EA9DB8432A62F6A0F080948BFDCACC BaseClass:/Game/BluePrint/Circuit/BP_PassWord.BP_PassWord_C NativeClass:/Script/Engine.Actor Name:BP_PassWord_C_UAID_A05950BC5605631802_1301098423 Label:BP_PassWord SpatiallyLoaded:1 Bounds:IsValid=true, Min=(X=1428.000 Y=694.000 Z=20.000), Max=(X=1492.000 Y=806.000 Z=136.000) RuntimeGrid:None EditorOnly:0 RuntimeOnly:0 HLODRelevant:0 ListedInSceneOutliner:1 IsMainWorldOnly:0
 |   |   |- Guid:F40AE6E94B9FD62E1972EB81EE9B85D9 BaseClass:/Game/BluePrint/BP_TeacherDesk.BP_TeacherDesk_C NativeClass:/Script/Engine.Actor Name:BP_TeacherDesk_C_UAID_A05950BC5605801702_1223141321 Label:BP_TeacherDesk SpatiallyLoaded:1 Bounds:IsValid=true, Min=(X=620.000 Y=202.000 Z=-34.000), Max=(X=780.000 Y=298.000 Z=94.000) RuntimeGrid:None EditorOnly:0 RuntimeOnly:0 HLODRelevant:0 ListedInSceneOutliner:1 IsMainWorldOnly:0
 |   |   |- Guid:F5E3FEB3450C49844FD93DA8E083C8AD BaseClass: NativeClass:/Script/Engine.PostProcessVolume Name:PostProcessVolume_0 Label:PostProcessVolume SpatiallyLoaded:0 Bounds:IsValid=true, Min=(X=0.000 Y=0.000 Z=400.000), Max=(X=200.000 Y=200.000 Z=600.000) RuntimeGrid:None EditorOnly:0 RuntimeOnly:0 HLODRelevant:0 ListedInSceneOutliner:1 IsMainWorldOnly:0 FolderPath:Lighting FolderGuid:963EC3EB4002CCE9759E2EBA541A873A
 |   |   |- Guid:FF698C67459ADB4982D7759C0905EE9F BaseClass: NativeClass:/Script/Engine.StaticMeshActor Name:StaticMeshActor_6 Label:SM_Cube3 SpatiallyLoaded:1 Bounds:IsValid=true, Min=(X=0.000 Y=3400.000 Z=0.000), Max=(X=3000.000 Y=3500.000 Z=400.000) RuntimeGrid:None EditorOnly:0 RuntimeOnly:0 HLODRelevant:1 ListedInSceneOutliner:1 IsMainWorldOnly:0 FolderPath:Playground FolderGuid:C73F09FC4215536B1DCE2A9E0A830C70
 |   |   |- Guid:FFF8946C4BA15D4FE3C1AD8B46C35E12 BaseClass: NativeClass:/Script/Engine.StaticMeshActor Name:StaticMeshActor_UAID_A05950BC56055E1802_1376054394 Label:Cube6 SpatiallyLoaded:1 Bounds:IsValid=true, Min=(X=495.000 Y=1380.000 Z=0.000), Max=(X=895.000 Y=1430.000 Z=400.000) RuntimeGrid:None EditorOnly:0 RuntimeOnly:0 HLODRelevant:1 ListedInSceneOutliner:1 IsMainWorldOnly:0 FolderPath:School FolderGuid:607A366D4201CDB9A2F0BEA43AEADC5E
 |   |- [+] Clusters:
 |   |   |- [+] [  0]
 |   |   |   |- Guid:24C7BCD449C42A29DF9BFE93937AE1FE BaseClass:/Game/BluePrint/BP_Locker.BP_Locker_C NativeClass:/Script/Engine.Actor Name:BP_Locker_C_UAID_A05950BC5605881702_1242151805 Label:BP_Locker SpatiallyLoaded:1 Bounds:IsValid=true, Min=(X=261.751 Y=1161.751 Z=-6.721), Max=(X=392.890 Y=1292.890 Z=143.462) RuntimeGrid:None EditorOnly:0 RuntimeOnly:0 HLODRelevant:0 ListedInSceneOutliner:1 IsMainWorldOnly:0
 |   |   |- [+] [  1]
 |   |   |   |- Guid:2FB58999456391D349DC0F86DAC136ED BaseClass: NativeClass:/Script/Engine.SkyLight Name:SkyLight_1 Label:SkyLight SpatiallyLoaded:0 Bounds:IsValid=true, Min=(X=0.000 Y=0.000 Z=690.000), Max=(X=0.000 Y=0.000 Z=690.000) RuntimeGrid:None EditorOnly:0 RuntimeOnly:0 HLODRelevant:0 ListedInSceneOutliner:1 IsMainWorldOnly:0 FolderPath:Lighting FolderGuid:963EC3EB4002CCE9759E2EBA541A873A
 |   |   |- [+] [  2]
 |   |   |   |- Guid:316CF2A6494ACA4C0E4180A87D36AB8F BaseClass: NativeClass:/Script/Engine.ExponentialHeightFog Name:ExponentialHeightFog_0 Label:ExponentialHeightFog SpatiallyLoaded:0 Bounds:IsValid=true, Min=(X=-5600.000 Y=-50.000 Z=-6850.000), Max=(X=-5600.000 Y=-50.000 Z=-6850.000) RuntimeGrid:None EditorOnly:0 RuntimeOnly:0 HLODRelevant:0 ListedInSceneOutliner:1 IsMainWorldOnly:0 FolderPath:Lighting FolderGuid:963EC3EB4002CCE9759E2EBA541A873A
 |   |   |- [+] [  3]
 |   |   |   |- Guid:3A00AA1C422CE54C0BDB60BAF471BFBB BaseClass: NativeClass:/Script/Engine.PlayerStart Name:PlayerStart_0 Label:PlayerStart SpatiallyLoaded:0 Bounds:IsValid=true, Min=(X=860.000 Y=690.000 Z=0.013), Max=(X=940.000 Y=770.000 Z=184.013) RuntimeGrid:None EditorOnly:0 RuntimeOnly:0 HLODRelevant:0 ListedInSceneOutliner:1 IsMainWorldOnly:0
 |   |   |- [+] [  4]
 |   |   |   |- Guid:3DF52BAE4154F963B2722098D6FBEDE4 BaseClass:/Game/BluePrint/BP_NewTable.BP_NewTable_C NativeClass:/Script/Engine.Actor Name:BP_NewTable_C_UAID_A05950BC5605D21702_1384585747 Label:BP_NewTable4 SpatiallyLoaded:1 Bounds:IsValid=true, Min=(X=352.000 Y=806.000 Z=-0.334), Max=(X=448.000 Y=934.667 Z=102.000) RuntimeGrid:None EditorOnly:0 RuntimeOnly:0 HLODRelevant:0 ListedInSceneOutliner:1 IsMainWorldOnly:0
 |   |   |- [+] [  5]
 |   |   |   |- Guid:3F6E748D4D49E1C36952528CF8DC068D BaseClass: NativeClass:/Script/Engine.StaticMeshActor Name:StaticMeshActor_UAID_A05950BC56055E1802_1369541393 Label:Cube5 SpatiallyLoaded:1 Bounds:IsValid=true, Min=(X=895.000 Y=1380.000 Z=0.000), Max=(X=1295.000 Y=1430.000 Z=400.000) RuntimeGrid:None EditorOnly:0 RuntimeOnly:0 HLODRelevant:1 ListedInSceneOutliner:1 IsMainWorldOnly:0 FolderPath:School FolderGuid:607A366D4201CDB9A2F0BEA43AEADC5E
 |   |   |- [+] [  6]
 |   |   |   |- Guid:43815E84492231AFC407F59E3C28176B BaseClass: NativeClass:/Script/Engine.StaticMeshActor Name:StaticMeshActor_4 Label:SM_Cube6 SpatiallyLoaded:1 Bounds:IsValid=true, Min=(X=2900.000 Y=100.000 Z=0.000), Max=(X=3000.000 Y=3400.000 Z=400.000) RuntimeGrid:None EditorOnly:0 RuntimeOnly:0 HLODRelevant:1 ListedInSceneOutliner:1 IsMainWorldOnly:0 FolderPath:Playground FolderGuid:C73F09FC4215536B1DCE2A9E0A830C70
 |   |   |- [+] [  7]
 |   |   |   |- Guid:4B3DD90945AED63EFE7B44A808A03458 BaseClass: NativeClass:/Script/Engine.StaticMeshActor Name:StaticMeshActor_UAID_A05950BC56055C1802_1227838033 Label:SM_Wire SpatiallyLoaded:1 Bounds:IsValid=true, Min=(X=2170.000 Y=400.000 Z=-0.000), Max=(X=2470.000 Y=400.000 Z=300.000) RuntimeGrid:None EditorOnly:0 RuntimeOnly:0 HLODRelevant:1 ListedInSceneOutliner:1 IsMainWorldOnly:0 FolderPath:Wire FolderGuid:BC0872DB43312A9344DE6097FA4CD62F
 |   |   |- [+] [  8]
 |   |   |   |- Guid:4D3BE93F4146AAAC8BBE79999D96D57F BaseClass: NativeClass:/Script/Engine.VolumetricCloud Name:VolumetricCloud_0 Label:VolumetricCloud SpatiallyLoaded:0 Bounds:IsValid=true, Min=(X=0.000 Y=0.000 Z=820.000), Max=(X=0.000 Y=0.000 Z=820.000) RuntimeGrid:None EditorOnly:0 RuntimeOnly:0 HLODRelevant:0 ListedInSceneOutliner:1 IsMainWorldOnly:0 FolderPath:Lighting FolderGuid:963EC3EB4002CCE9759E2EBA541A873A
 |   |   |- [+] [  9]
 |   |   |   |- Guid:4E9758A94B5577684E77EFAD2E781E8D BaseClass: NativeClass:/Script/NavigationSystem.NavMeshBoundsVolume Name:NavMeshBoundsVolume_UAID_A05950BC56059A1702_1936991083 Label:NavMeshBoundsVolume SpatiallyLoaded:0 Bounds:IsValid=true, Min=(X=1750.000 Y=1860.000 Z=-40.000), Max=(X=2350.000 Y=2860.000 Z=160.000) RuntimeGrid:None EditorOnly:0 RuntimeOnly:0 HLODRelevant:0 ListedInSceneOutliner:1 IsMainWorldOnly:0
 |   |   |- [+] [ 10]
 |   |   |   |- Guid:5017B1EA46C18E70CCB96FB72D7F508C BaseClass:/Game/BluePrint/BP_Light.BP_Light_C NativeClass:/Script/Engine.Actor Name:BP_Light_C_UAID_A05950BC56053E1802_1945392757 Label:BP_Light SpatiallyLoaded:1 Bounds:IsValid=true, Min=(X=1794.000 Y=926.980 Z=104.000), Max=(X=1826.000 Y=992.000 Z=136.000) RuntimeGrid:None EditorOnly:0 RuntimeOnly:0 HLODRelevant:0 ListedInSceneOutliner:1 IsMainWorldOnly:0
 |   |   |- [+] [ 11]
 |   |   |   |- Guid:50C267574CE79A80E484CA876913F2A1 BaseClass:/Game/BluePrint/BP_NewTable.BP_NewTable_C NativeClass:/Script/Engine.Actor Name:BP_NewTable_C_UAID_A05950BC56058E1702_1537064955 Label:BP_NewTable SpatiallyLoaded:1 Bounds:IsValid=true, Min=(X=702.000 Y=516.000 Z=-0.334), Max=(X=798.000 Y=644.667 Z=102.000) RuntimeGrid:None EditorOnly:0 RuntimeOnly:0 HLODRelevant:0 ListedInSceneOutliner:1 IsMainWorldOnly:0
 |   |   |- [+] [ 12]
 |   |   |   |- Guid:5463BBA14151DC58A1981399BB680BE9 BaseClass:/Game/BluePrint/BP_RoomLight.BP_RoomLight_C NativeClass:/Script/Engine.Actor Name:BP_RoomLight_C_UAID_A05950BC5605601802_1222337812 Label:BP_RoomLight SpatiallyLoaded:1 Bounds:IsValid=true, Min=(X=65.914 Y=720.000 Z=365.914), Max=(X=194.086 Y=820.000 Z=494.086) RuntimeGrid:None EditorOnly:0 RuntimeOnly:0 HLODRelevant:0 ListedInSceneOutliner:1 IsMainWorldOnly:0
 |   |   |- [+] [ 13]
 |   |   |   |- Guid:5B97F4A64FB21F77EFC44386BF705B4C BaseClass: NativeClass:/Script/Engine.TextRenderActor Name:TextRenderActor_1 Label:TextRenderActor SpatiallyLoaded:1 Bounds:IsValid=true, Min=(X=-0.100 Y=1100.000 Z=65.013), Max=(X=-0.100 Y=2392.308 Z=215.013) RuntimeGrid:None EditorOnly:0 RuntimeOnly:0 HLODRelevant:0 ListedInSceneOutliner:1 IsMainWorldOnly:0
 |   |   |- [+] [ 14]
 |   |   |   |- Guid:60B1B92C45C9A25D57F893B7760D0C19 BaseClass: NativeClass:/Script/Engine.StaticMeshActor Name:StaticMeshActor_UAID_A05950BC56055E1802_1381062395 Label:Cube7 SpatiallyLoaded:1 Bounds:IsValid=true, Min=(X=95.000 Y=1380.000 Z=0.000), Max=(X=495.000 Y=1430.000 Z=400.000) RuntimeGrid:None EditorOnly:0 RuntimeOnly:0 HLODRelevant:1 ListedInSceneOutliner:1 IsMainWorldOnly:0 FolderPath:School FolderGuid:607A366D4201CDB9A2F0BEA43AEADC5E
 |   |   |- [+] [ 15]
 |   |   |   |- Guid:61748C114BBD449BBBEE208D92E9BAE0 BaseClass: NativeClass:/Script/Engine.StaticMeshActor Name:StaticMeshActor_UAID_A05950BC56055D1802_2131277214 Label:Cube2 SpatiallyLoaded:1 Bounds:IsValid=true, Min=(X=1645.000 Y=585.000 Z=0.000), Max=(X=1695.000 Y=985.000 Z=400.000) RuntimeGrid:None EditorOnly:0 RuntimeOnly:0 HLODRelevant:1 ListedInSceneOutliner:1 IsMainWorldOnly:0 FolderPath:School FolderGuid:607A366D4201CDB9A2F0BEA43AEADC5E
 |   |   |- [+] [ 16]
 |   |   |   |- Guid:6359A1984A728F72B206D4B355823D11 BaseClass:/Game/BluePrint/Enermy/BP_AIenermy.BP_AIenermy_C NativeClass:/Script/Engine.Character Name:BP_AIenermy_C_UAID_A05950BC56059C1702_1978016437 Label:BP_AIenermy SpatiallyLoaded:1 Bounds:IsValid=true, Min=(X=1965.000 Y=2525.000 Z=0.000), Max=(X=2037.592 Y=2595.000 Z=181.332) RuntimeGrid:None EditorOnly:0 RuntimeOnly:0 HLODRelevant:0 ListedInSceneOutliner:1 IsMainWorldOnly:0
 |   |   |- [+] [ 17]
 |   |   |   |- Guid:6BAF4DDD444C60371492D3919DB42C97 BaseClass: NativeClass:/Script/Engine.WorldDataLayers Name:WorldDataLayers Label:WorldDataLayers SpatiallyLoaded:0 Bounds:IsValid=true, Min=(X=0.000 Y=0.000 Z=0.000), Max=(X=0.000 Y=0.000 Z=0.000) RuntimeGrid:None EditorOnly:0 RuntimeOnly:0 HLODRelevant:0 ListedInSceneOutliner:1 IsMainWorldOnly:1
 |   |   |- [+] [ 18]
 |   |   |   |- Guid:6BC047504C8E7F5C9B86D7BE8924B050 BaseClass: NativeClass:/Script/Engine.StaticMeshActor Name:StaticMeshActor_UAID_A05950BC56055E1802_1394575396 Label:Cube8 SpatiallyLoaded:1 Bounds:IsValid=true, Min=(X=1645.000 Y=440.000 Z=200.000), Max=(X=1695.000 Y=640.000 Z=400.000) RuntimeGrid:None EditorOnly:0 RuntimeOnly:0 HLODRelevant:1 ListedInSceneOutliner:1 IsMainWorldOnly:0 FolderPath:School FolderGuid:607A366D4201CDB9A2F0BEA43AEADC5E
 |   |   |- [+] [ 19]
 |   |   |   |- Guid:6C5E3A8045466A984C5CEBB9F52B91E5 BaseClass:/Game/BluePrint/BP_RoomLight.BP_RoomLight_C NativeClass:/Script/Engine.Actor Name:BP_RoomLight_C_UAID_A05950BC5605601802_1342999813 Label:BP_RoomLight2 SpatiallyLoaded:1 Bounds:IsValid=true, Min=(X=1572.077 Y=720.000 Z=372.077), Max=(X=1687.923 Y=820.000 Z=487.923) RuntimeGrid:None EditorOnly:0 RuntimeOnly:0 HLODRelevant:0 ListedInSceneOutliner:1 IsMainWorldOnly:0
 |   |   |- [+] [ 20]
 |   |   |   |- Guid:74BC884C47BA7F78A5D594BD574F5A63 BaseClass:/Game/BluePrint/BP_SpDesk.BP_SpDesk_C NativeClass:/Script/Engine.Actor Name:BP_SpDesk_C_UAID_A05950BC56057C1702_1318716607 Label:BP_SpDesk SpatiallyLoaded:1 Bounds:IsValid=true, Min=(X=914.000 Y=388.000 Z=-0.334), Max=(X=1026.000 Y=532.000 Z=102.000) RuntimeGrid:None EditorOnly:0 RuntimeOnly:0 HLODRelevant:0 ListedInSceneOutliner:1 IsMainWorldOnly:0
 |   |   |- [+] [ 21]
 |   |   |   |- Guid:7979A59A4F3C626E841EF29D8C8DE0E9 BaseClass: NativeClass:/Script/Engine.StaticMeshActor Name:StaticMeshActor_UAID_A05950BC56055D1802_1560235211 Label:SM_Wire2 SpatiallyLoaded:1 Bounds:IsValid=true, Min=(X=2470.000 Y=400.000 Z=-0.000), Max=(X=2770.000 Y=400.000 Z=300.000) RuntimeGrid:None EditorOnly:0 RuntimeOnly:0 HLODRelevant:1 ListedInSceneOutliner:1 IsMainWorldOnly:0 FolderPath:Wire FolderGuid:BC0872DB43312A9344DE6097FA4CD62F
 |   |   |- [+] [ 22]
 |   |   |   |- Guid:7BF948194C3BB32E476F919879AAFC8A BaseClass: NativeClass:/Script/Engine.StaticMeshActor Name:StaticMeshActor_UAID_047C167C9694661802_1529209794 Label:S_Electrical_Boxes_vgyiedcaw_lod3_Var1 SpatiallyLoaded:1 Bounds:IsValid=true, Min=(X=1105.505 Y=445.470 Z=-0.437), Max=(X=1234.551 Y=478.003 Z=162.638) RuntimeGrid:None EditorOnly:0 RuntimeOnly:0 HLODRelevant:1 ListedInSceneOutliner:1 IsMainWorldOnly:0
 |   |   |- [+] [ 23]
 |   |   |   |- Guid:8B1A3C01452C6C64D1E7E58A85E4F9BA BaseClass: NativeClass:/Script/Engine.StaticMeshActor Name:StaticMeshActor_UAID_A05950BC56055E1802_1299957391 Label:Cube3 SpatiallyLoaded:1 Bounds:IsValid=true, Min=(X=1645.000 Y=985.000 Z=0.000), Max=(X=1695.000 Y=1385.000 Z=400.000) RuntimeGrid:None EditorOnly:0 RuntimeOnly:0 HLODRelevant:1 ListedInSceneOutliner:1 IsMainWorldOnly:0 FolderPath:School FolderGuid:607A366D4201CDB9A2F0BEA43AEADC5E
 |   |   |- [+] [ 24]
 |   |   |   |- Guid:8C5E51B0481D55F90D54F9BF220F9262 BaseClass: NativeClass:/Script/Engine.StaticMeshActor Name:StaticMeshActor_UAID_A05950BC56055D1802_1842626213 Label:Cube SpatiallyLoaded:1 Bounds:IsValid=true, Min=(X=1645.000 Y=100.000 Z=0.000), Max=(X=1695.000 Y=500.000 Z=400.000) RuntimeGrid:None EditorOnly:0 RuntimeOnly:0 HLODRelevant:1 ListedInSceneOutliner:1 IsMainWorldOnly:0 FolderPath:School FolderGuid:607A366D4201CDB9A2F0BEA43AEADC5E
 |   |   |- [+] [ 25]
 |   |   |   |- Guid:92B58EC141366E5CB014F382746200C9 BaseClass: NativeClass:/Script/Engine.StaticMeshActor Name:StaticMeshActor_UAID_A05950BC56055E1802_1613281454 Label:S_Wooden_Chair_uknkaffaw_lod3_Var1 SpatiallyLoaded:1 Bounds:IsValid=true, Min=(X=675.333 Y=718.601 Z=-0.272), Max=(X=724.599 Y=761.397 Z=85.090) RuntimeGrid:None EditorOnly:0 RuntimeOnly:0 HLODRelevant:0 ListedInSceneOutliner:1 IsMainWorldOnly:0
 |   |   |- [+] [ 26]
 |   |   |   |- Guid:9B20DB824237E9B5D3DE45960855D0EF BaseClass: NativeClass:/Script/Engine.StaticMeshActor Name:StaticMeshActor_UAID_A05950BC56055E1802_1313673392 Label:Cube4 SpatiallyLoaded:1 Bounds:IsValid=true, Min=(X=1295.000 Y=1380.000 Z=0.000), Max=(X=1695.000 Y=1430.000 Z=400.000) RuntimeGrid:None EditorOnly:0 RuntimeOnly:0 HLODRelevant:1 ListedInSceneOutliner:1 IsMainWorldOnly:0 FolderPath:School FolderGuid:607A366D4201CDB9A2F0BEA43AEADC5E
 |   |   |- [+] [ 27]
 |   |   |   |- Guid:9D088E4D4F8E03035480978DD33CA34F BaseClass: NativeClass:/Script/NavigationSystem.RecastNavMesh Name:RecastNavMesh_UAID_A05950BC56059A1702-Default Label:RecastNavMesh-Default SpatiallyLoaded:0 Bounds:IsValid=true, Min=(X=0.000 Y=0.000 Z=0.000), Max=(X=0.000 Y=0.000 Z=0.000) RuntimeGrid:None EditorOnly:0 RuntimeOnly:0 HLODRelevant:0 ListedInSceneOutliner:1 IsMainWorldOnly:0
 |   |   |- [+] [ 28]
 |   |   |   |- Guid:A56216954B2165CF0F35A886B537D536 BaseClass: NativeClass:/Script/Engine.StaticMeshActor Name:StaticMeshActor_0 Label:SM_Cube5 SpatiallyLoaded:1 Bounds:IsValid=true, Min=(X=-0.000 Y=100.000 Z=0.000), Max=(X=100.000 Y=3400.000 Z=400.000) RuntimeGrid:None EditorOnly:0 RuntimeOnly:0 HLODRelevant:1 ListedInSceneOutliner:1 IsMainWorldOnly:0 FolderPath:Playground FolderGuid:C73F09FC4215536B1DCE2A9E0A830C70
 |   |   |- [+] [ 29]
 |   |   |   |- Guid:A5E068D14AD8B37F093E57BB13BFE786 BaseClass:/Game/BluePrint/BP_NewTable.BP_NewTable_C NativeClass:/Script/Engine.Actor Name:BP_NewTable_C_UAID_A05950BC5605D21702_1394627748 Label:BP_NewTable5 SpatiallyLoaded:1 Bounds:IsValid=true, Min=(X=982.000 Y=866.000 Z=-0.334), Max=(X=1078.000 Y=994.667 Z=102.000) RuntimeGrid:None EditorOnly:0 RuntimeOnly:0 HLODRelevant:0 ListedInSceneOutliner:1 IsMainWorldOnly:0
 |   |   |- [+] [ 30]
 |   |   |   |- Guid:B19E937E4619D07645F5E7BB1B88C6E2 BaseClass:/Game/BluePrint/BP_NewTable.BP_NewTable_C NativeClass:/Script/Engine.Actor Name:BP_NewTable_C_UAID_A05950BC5605D21702_1376847745 Label:BP_NewTable2 SpatiallyLoaded:1 Bounds:IsValid=true, Min=(X=492.000 Y=516.000 Z=-0.334), Max=(X=588.000 Y=644.667 Z=102.000) RuntimeGrid:None EditorOnly:0 RuntimeOnly:0 HLODRelevant:0 ListedInSceneOutliner:1 IsMainWorldOnly:0
 |   |   |- [+] [ 31]
 |   |   |   |- Guid:B54483F6493C92B30D0CD2A8410D5098 BaseClass:/Game/BluePrint/BP_Door.BP_Door_C NativeClass:/Script/Engine.Actor Name:BP_Door_C_UAID_A05950BC5605551702_1483216752 Label:BP_Door SpatiallyLoaded:1 Bounds:IsValid=true, Min=(X=1636.000 Y=498.000 Z=0.728), Max=(X=1684.000 Y=594.000 Z=200.728) RuntimeGrid:None EditorOnly:0 RuntimeOnly:0 HLODRelevant:0 ListedInSceneOutliner:1 IsMainWorldOnly:0
 |   |   |- [+] [ 32]
 |   |   |   |- Guid:B785ED2844B84CFB91E7F39FE661CD99 BaseClass: NativeClass:/Script/Engine.DirectionalLight Name:DirectionalLight_0 Label:DirectionalLight SpatiallyLoaded:0 Bounds:IsValid=true, Min=(X=-1048576.000 Y=-1048576.000 Z=-1048576.000), Max=(X=1048576.000 Y=1048576.000 Z=1048576.000) RuntimeGrid:None EditorOnly:0 RuntimeOnly:0 HLODRelevant:0 ListedInSceneOutliner:1 IsMainWorldOnly:0 FolderPath:Lighting FolderGuid:963EC3EB4002CCE9759E2EBA541A873A
 |   |   |- [+] [ 33]
 |   |   |   |- Guid:BC08B79C4EA3C961CFF75EBBE83B367D BaseClass: NativeClass:/Script/Engine.StaticMeshActor Name:StaticMeshActor_5 Label:SM_Cube2 SpatiallyLoaded:1 Bounds:IsValid=true, Min=(X=0.000 Y=0.000 Z=0.000), Max=(X=3000.000 Y=100.000 Z=400.000) RuntimeGrid:None EditorOnly:0 RuntimeOnly:0 HLODRelevant:1 ListedInSceneOutliner:1 IsMainWorldOnly:0 FolderPath:Playground FolderGuid:C73F09FC4215536B1DCE2A9E0A830C70
 |   |   |- [+] [ 34]
 |   |   |   |- Guid:CCFF262C46EEFFDF319E7F9539CE697E BaseClass: NativeClass:/Script/Engine.SkyAtmosphere Name:SkyAtmosphere_0 Label:SkyAtmosphere SpatiallyLoaded:0 Bounds:IsValid=true, Min=(X=0.000 Y=0.000 Z=1020.000), Max=(X=0.000 Y=0.000 Z=1020.000) RuntimeGrid:None EditorOnly:0 RuntimeOnly:0 HLODRelevant:0 ListedInSceneOutliner:1 IsMainWorldOnly:0 FolderPath:Lighting FolderGuid:963EC3EB4002CCE9759E2EBA541A873A
 |   |   |- [+] [ 35]
 |   |   |   |- Guid:D56EAB09497D3869527FA5ABB2BDEB5B BaseClass:/Game/BluePrint/BP_SkyLight.BP_SkyLight_C NativeClass:/Script/Engine.Actor Name:BP_SkyLight_C_UAID_A05950BC56055F1802_1903741634 Label:BP_SkyLight SpatiallyLoaded:1 Bounds:IsValid=true, Min=(X=1627.332 Y=14.813 Z=280.504), Max=(X=1772.668 Y=185.187 Z=439.496) RuntimeGrid:None EditorOnly:0 RuntimeOnly:0 HLODRelevant:0 ListedInSceneOutliner:1 IsMainWorldOnly:0
 |   |   |- [+] [ 36]
 |   |   |   |- Guid:D7E394814448817A5D569F84A168354A BaseClass:/Game/BluePrint/Circuit/BP_Cir.BP_Cir_C NativeClass:/Script/Engine.Actor Name:BP_Cir_C_UAID_047C167C9694671802_1229100971 Label:BP_Cir SpatiallyLoaded:1 Bounds:IsValid=true, Min=(X=1450.000 Y=850.000 Z=90.000), Max=(X=1470.000 Y=870.000 Z=110.000) RuntimeGrid:None EditorOnly:0 RuntimeOnly:0 HLODRelevant:0 ListedInSceneOutliner:1 IsMainWorldOnly:0
 |   |   |- [+] [ 37]
 |   |   |   |- Guid:EC3036E14C9959A9CBB2518C43D10E6C BaseClass:/Game/BluePrint/BP_NewTable.BP_NewTable_C NativeClass:/Script/Engine.Actor Name:BP_NewTable_C_UAID_A05950BC5605D21702_1380397746 Label:BP_NewTable3 SpatiallyLoaded:1 Bounds:IsValid=true, Min=(X=702.000 Y=796.000 Z=-0.334), Max=(X=798.000 Y=924.667 Z=102.000) RuntimeGrid:None EditorOnly:0 RuntimeOnly:0 HLODRelevant:0 ListedInSceneOutliner:1 IsMainWorldOnly:0
 |   |   |- [+] [ 38]
 |   |   |   |- Guid:EC4E0C944CE6AC6E784BC6BB2916EA13 BaseClass: NativeClass:/Script/Engine.StaticMeshActor Name:StaticMeshActor_UAID_A4AE111137DC5EFB00_1110535423 Label:SM_SkySphere SpatiallyLoaded:0 Bounds:IsValid=true, Min=(X=-1638400.000 Y=-1638400.000 Z=-1638400.000), Max=(X=1638400.000 Y=1638400.000 Z=1638400.000) RuntimeGrid:None EditorOnly:0 RuntimeOnly:0 HLODRelevant:1 ListedInSceneOutliner:1 IsMainWorldOnly:0 FolderPath:Lighting FolderGuid:963EC3EB4002CCE9759E2EBA541A873A
 |   |   |- [+] [ 39]
 |   |   |   |- Guid:F1924B8D48954B30891B2DB6A694F9CC BaseClass: NativeClass:/Script/Engine.StaticMeshActor Name:StaticMeshActor_1 Label:SM_Cube SpatiallyLoaded:1 Bounds:IsValid=true, Min=(X=-50.000 Y=-50.000 Z=-100.000), Max=(X=3000.000 Y=3500.000 Z=0.000) RuntimeGrid:None EditorOnly:0 RuntimeOnly:0 HLODRelevant:1 ListedInSceneOutliner:1 IsMainWorldOnly:0 FolderPath:Playground FolderGuid:C73F09FC4215536B1DCE2A9E0A830C70
 |   |   |- [+] [ 40]
 |   |   |   |- Guid:F2EA9DB8432A62F6A0F080948BFDCACC BaseClass:/Game/BluePrint/Circuit/BP_PassWord.BP_PassWord_C NativeClass:/Script/Engine.Actor Name:BP_PassWord_C_UAID_A05950BC5605631802_1301098423 Label:BP_PassWord SpatiallyLoaded:1 Bounds:IsValid=true, Min=(X=1428.000 Y=694.000 Z=20.000), Max=(X=1492.000 Y=806.000 Z=136.000) RuntimeGrid:None EditorOnly:0 RuntimeOnly:0 HLODRelevant:0 ListedInSceneOutliner:1 IsMainWorldOnly:0
 |   |   |- [+] [ 41]
 |   |   |   |- Guid:F40AE6E94B9FD62E1972EB81EE9B85D9 BaseClass:/Game/BluePrint/BP_TeacherDesk.BP_TeacherDesk_C NativeClass:/Script/Engine.Actor Name:BP_TeacherDesk_C_UAID_A05950BC5605801702_1223141321 Label:BP_TeacherDesk SpatiallyLoaded:1 Bounds:IsValid=true, Min=(X=620.000 Y=202.000 Z=-34.000), Max=(X=780.000 Y=298.000 Z=94.000) RuntimeGrid:None EditorOnly:0 RuntimeOnly:0 HLODRelevant:0 ListedInSceneOutliner:1 IsMainWorldOnly:0
 |   |   |- [+] [ 42]
 |   |   |   |- Guid:F5E3FEB3450C49844FD93DA8E083C8AD BaseClass: NativeClass:/Script/Engine.PostProcessVolume Name:PostProcessVolume_0 Label:PostProcessVolume SpatiallyLoaded:0 Bounds:IsValid=true, Min=(X=0.000 Y=0.000 Z=400.000), Max=(X=200.000 Y=200.000 Z=600.000) RuntimeGrid:None EditorOnly:0 RuntimeOnly:0 HLODRelevant:0 ListedInSceneOutliner:1 IsMainWorldOnly:0 FolderPath:Lighting FolderGuid:963EC3EB4002CCE9759E2EBA541A873A
 |   |   |- [+] [ 43]
 |   |   |   |- Guid:FF698C67459ADB4982D7759C0905EE9F BaseClass: NativeClass:/Script/Engine.StaticMeshActor Name:StaticMeshActor_6 Label:SM_Cube3 SpatiallyLoaded:1 Bounds:IsValid=true, Min=(X=0.000 Y=3400.000 Z=0.000), Max=(X=3000.000 Y=3500.000 Z=400.000) RuntimeGrid:None EditorOnly:0 RuntimeOnly:0 HLODRelevant:1 ListedInSceneOutliner:1 IsMainWorldOnly:0 FolderPath:Playground FolderGuid:C73F09FC4215536B1DCE2A9E0A830C70
 |   |   |- [+] [ 44]
 |   |   |   |- Guid:FFF8946C4BA15D4FE3C1AD8B46C35E12 BaseClass: NativeClass:/Script/Engine.StaticMeshActor Name:StaticMeshActor_UAID_A05950BC56055E1802_1376054394 Label:Cube6 SpatiallyLoaded:1 Bounds:IsValid=true, Min=(X=495.000 Y=1380.000 Z=0.000), Max=(X=895.000 Y=1430.000 Z=400.000) RuntimeGrid:None EditorOnly:0 RuntimeOnly:0 HLODRelevant:1 ListedInSceneOutliner:1 IsMainWorldOnly:0 FolderPath:School FolderGuid:607A366D4201CDB9A2F0BEA43AEADC5E
 |- ContainerInstances:
 |- [+] MainContainer:
 |   |-        ID: 00000000000000000000000000000000
 |   |-  ParentID: 00000000000000000000000000000000
 |   |-    Bounds: IsValid=false, Min=(X=0.000 Y=0.000 Z=0.000), Max=(X=0.000 Y=0.000 Z=0.000)
 |   |- Transform: 0.000000,0.000000,0.000000|0.000000,0.000000,-0.000000|1.000000,1.000000,1.000000
 |   |- Container: /Game/ThirdPerson/Maps/ThirdPersonMap
----------------------------------------------------------------------------------------------------------------
ThirdPersonMap - Persistent Level
----------------------------------------------------------------------------------------------------------------
[+] Content of ThirdPersonMap Persistent Level
 |- Always loaded Actor Count: 45 
 |- Actor Path: /Game/ThirdPerson/Maps/ThirdPersonMap.ThirdPersonMap:PersistentLevel.BP_AIenermy_C_UAID_A05950BC56059C1702_1978016437
 |- Actor Package: /Game/__ExternalActors__/ThirdPerson/Maps/ThirdPersonMap/6/AS/YSA1709QJMBBFYOU2T5S1W
 |- Actor Path: /Game/ThirdPerson/Maps/ThirdPersonMap.ThirdPersonMap:PersistentLevel.BP_Cir_C_UAID_047C167C9694671802_1229100971
 |- Actor Package: /Game/__ExternalActors__/ThirdPerson/Maps/ThirdPersonMap/1/I5/58CNZ5HTE0UYJY1FM25P33
 |- Actor Path: /Game/ThirdPerson/Maps/ThirdPersonMap.ThirdPersonMap:PersistentLevel.BP_Door_C_UAID_A05950BC5605551702_1483216752
 |- Actor Package: /Game/__ExternalActors__/ThirdPerson/Maps/ThirdPersonMap/B/GN/ZUPA1WED9MD2VGCMRZ3PQ4
 |- Actor Path: /Game/ThirdPerson/Maps/ThirdPersonMap.ThirdPersonMap:PersistentLevel.BP_Light_C_UAID_A05950BC56053E1802_1945392757
 |- Actor Package: /Game/__ExternalActors__/ThirdPerson/Maps/ThirdPersonMap/6/Y7/0JJP5NW89VHGPJQ3P5HW82
 |- Actor Path: /Game/ThirdPerson/Maps/ThirdPersonMap.ThirdPersonMap:PersistentLevel.BP_Locker_C_UAID_A05950BC5605881702_1242151805
 |- Actor Package: /Game/__ExternalActors__/ThirdPerson/Maps/ThirdPersonMap/9/LZ/OGMED3F2GYRW2JXPB2BO7R
 |- Actor Path: /Game/ThirdPerson/Maps/ThirdPersonMap.ThirdPersonMap:PersistentLevel.BP_NewTable_C_UAID_A05950BC56058E1702_1537064955
 |- Actor Package: /Game/__ExternalActors__/ThirdPerson/Maps/ThirdPersonMap/C/JM/3I8LKXHIDZF0AZERBP0Y2J
 |- Actor Path: /Game/ThirdPerson/Maps/ThirdPersonMap.ThirdPersonMap:PersistentLevel.BP_NewTable_C_UAID_A05950BC5605D21702_1376847745
 |- Actor Package: /Game/__ExternalActors__/ThirdPerson/Maps/ThirdPersonMap/3/VS/DO2JIT2VUW6G9FXCGCXWR0
 |- Actor Path: /Game/ThirdPerson/Maps/ThirdPersonMap.ThirdPersonMap:PersistentLevel.BP_NewTable_C_UAID_A05950BC5605D21702_1380397746
 |- Actor Package: /Game/__ExternalActors__/ThirdPerson/Maps/ThirdPersonMap/C/AG/KA5PARMFTZE2CPFHYAS21R
 |- Actor Path: /Game/ThirdPerson/Maps/ThirdPersonMap.ThirdPersonMap:PersistentLevel.BP_NewTable_C_UAID_A05950BC5605D21702_1384585747
 |- Actor Package: /Game/__ExternalActors__/ThirdPerson/Maps/ThirdPersonMap/4/5H/PZQFR8HC2TGURFMGKL2IGW
 |- Actor Path: /Game/ThirdPerson/Maps/ThirdPersonMap.ThirdPersonMap:PersistentLevel.BP_NewTable_C_UAID_A05950BC5605D21702_1394627748
 |- Actor Package: /Game/__ExternalActors__/ThirdPerson/Maps/ThirdPersonMap/8/QZ/N7CYYLD8TL2RETOJ3Y1G1W
 |- Actor Path: /Game/ThirdPerson/Maps/ThirdPersonMap.ThirdPersonMap:PersistentLevel.BP_PassWord_C_UAID_A05950BC5605631802_1301098423
 |- Actor Package: /Game/__ExternalActors__/ThirdPerson/Maps/ThirdPersonMap/E/Z5/TK3YAR5WWIGJ4CIH5WI9IW
 |- Actor Path: /Game/ThirdPerson/Maps/ThirdPersonMap.ThirdPersonMap:PersistentLevel.BP_RoomLight_C_UAID_A05950BC5605601802_1222337812
 |- Actor Package: /Game/__ExternalActors__/ThirdPerson/Maps/ThirdPersonMap/4/2L/KDFVWUOF67FAKSHG2ILN65
 |- Actor Path: /Game/ThirdPerson/Maps/ThirdPersonMap.ThirdPersonMap:PersistentLevel.BP_RoomLight_C_UAID_A05950BC5605601802_1342999813
 |- Actor Package: /Game/__ExternalActors__/ThirdPerson/Maps/ThirdPersonMap/D/ZY/HJ03ERP4LU6R0Q6PQGAI5G
 |- Actor Path: /Game/ThirdPerson/Maps/ThirdPersonMap.ThirdPersonMap:PersistentLevel.BP_SkyLight_C_UAID_A05950BC56055F1802_1903741634
 |- Actor Package: /Game/__ExternalActors__/ThirdPerson/Maps/ThirdPersonMap/2/IC/GKBFTABTG1BE4625OWK0CI
 |- Actor Path: /Game/ThirdPerson/Maps/ThirdPersonMap.ThirdPersonMap:PersistentLevel.BP_SpDesk_C_UAID_A05950BC56057C1702_1318716607
 |- Actor Package: /Game/__ExternalActors__/ThirdPerson/Maps/ThirdPersonMap/B/NQ/9AYA63X67YPBR45MN373K0
 |- Actor Path: /Game/ThirdPerson/Maps/ThirdPersonMap.ThirdPersonMap:PersistentLevel.BP_TeacherDesk_C_UAID_A05950BC5605801702_1223141321
 |- Actor Package: /Game/__ExternalActors__/ThirdPerson/Maps/ThirdPersonMap/D/KW/9KX1M5KE6SA0X6WWL8DSO4
 |- Actor Path: /Game/ThirdPerson/Maps/ThirdPersonMap.ThirdPersonMap:PersistentLevel.DirectionalLight_0
 |- Actor Package: /Game/__ExternalActors__/ThirdPerson/Maps/ThirdPersonMap/5/R1/TS5OQ5CRUWFZYL1ZQ7I416
 |- Actor Path: /Game/ThirdPerson/Maps/ThirdPersonMap.ThirdPersonMap:PersistentLevel.ExponentialHeightFog_0
 |- Actor Package: /Game/__ExternalActors__/ThirdPerson/Maps/ThirdPersonMap/6/J7/N10XDC9G27EMLS5AGZ6AVV
 |- Actor Path: /Game/ThirdPerson/Maps/ThirdPersonMap.ThirdPersonMap:PersistentLevel.NavMeshBoundsVolume_UAID_A05950BC56059A1702_1936991083
 |- Actor Package: /Game/__ExternalActors__/ThirdPerson/Maps/ThirdPersonMap/2/NC/MC76PEGTE0NW29UPBMRPYL
 |- Actor Path: /Game/ThirdPerson/Maps/ThirdPersonMap.ThirdPersonMap:PersistentLevel.PlayerStart_0
 |- Actor Package: /Game/__ExternalActors__/ThirdPerson/Maps/ThirdPersonMap/D/DE/SWSI13675DVYIZ0N4NF7Y3
 |- Actor Path: /Game/ThirdPerson/Maps/ThirdPersonMap.ThirdPersonMap:PersistentLevel.PostProcessVolume_0
 |- Actor Package: /Game/__ExternalActors__/ThirdPerson/Maps/ThirdPersonMap/1/AZ/A7GPT109Y6ZTTJD4A7TXER
 |- Actor Path: /Game/ThirdPerson/Maps/ThirdPersonMap.ThirdPersonMap:PersistentLevel.RecastNavMesh_UAID_A05950BC56059A1702-Default
 |- Actor Package: /Game/__ExternalActors__/ThirdPerson/Maps/ThirdPersonMap/2/4D/ECPND6CCHQPRKVT37NKGLO
 |- Actor Path: /Game/ThirdPerson/Maps/ThirdPersonMap.ThirdPersonMap:PersistentLevel.SkyAtmosphere_0
 |- Actor Package: /Game/__ExternalActors__/ThirdPerson/Maps/ThirdPersonMap/4/LN/30UBDLYFFA5ZR7U4W4L4GG
 |- Actor Path: /Game/ThirdPerson/Maps/ThirdPersonMap.ThirdPersonMap:PersistentLevel.SkyLight_1
 |- Actor Package: /Game/__ExternalActors__/ThirdPerson/Maps/ThirdPersonMap/8/S1/DXUWD12MD3HRWVVXX076BY
 |- Actor Path: /Game/ThirdPerson/Maps/ThirdPersonMap.ThirdPersonMap:PersistentLevel.StaticMeshActor_0
 |- Actor Package: /Game/__ExternalActors__/ThirdPerson/Maps/ThirdPersonMap/A/MS/MRHJREJ6H7USQYWF1KO8F6
 |- Actor Path: /Game/ThirdPerson/Maps/ThirdPersonMap.ThirdPersonMap:PersistentLevel.StaticMeshActor_1
 |- Actor Package: /Game/__ExternalActors__/ThirdPerson/Maps/ThirdPersonMap/6/YO/NG2R9BPZVA7ZDN0Z4VSTG6
 |- Actor Path: /Game/ThirdPerson/Maps/ThirdPersonMap.ThirdPersonMap:PersistentLevel.StaticMeshActor_4
 |- Actor Package: /Game/__ExternalActors__/ThirdPerson/Maps/ThirdPersonMap/5/9Q/U98KGKQ41NJYFOGFQM8ZDY
 |- Actor Path: /Game/ThirdPerson/Maps/ThirdPersonMap.ThirdPersonMap:PersistentLevel.StaticMeshActor_5
 |- Actor Package: /Game/__ExternalActors__/ThirdPerson/Maps/ThirdPersonMap/C/QF/BY1DA5CRGQSAMOTK8RA8KR
 |- Actor Path: /Game/ThirdPerson/Maps/ThirdPersonMap.ThirdPersonMap:PersistentLevel.StaticMeshActor_6
 |- Actor Package: /Game/__ExternalActors__/ThirdPerson/Maps/ThirdPersonMap/D/0G/JNKFA4X9LRMSF343ESPF6Q
 |- Actor Path: /Game/ThirdPerson/Maps/ThirdPersonMap.ThirdPersonMap:PersistentLevel.StaticMeshActor_UAID_047C167C9694661802_1529209794
 |- Actor Package: /Game/__ExternalActors__/ThirdPerson/Maps/ThirdPersonMap/1/4M/81J9N8FMQGR11FLEGJGH48
 |- Actor Path: /Game/ThirdPerson/Maps/ThirdPersonMap.ThirdPersonMap:PersistentLevel.StaticMeshActor_UAID_A05950BC56055C1802_1227838033
 |- Actor Package: /Game/__ExternalActors__/ThirdPerson/Maps/ThirdPersonMap/6/1N/MFEJH44L8BBF4841PSVSX4
 |- Actor Path: /Game/ThirdPerson/Maps/ThirdPersonMap.ThirdPersonMap:PersistentLevel.StaticMeshActor_UAID_A05950BC56055D1802_1560235211
 |- Actor Package: /Game/__ExternalActors__/ThirdPerson/Maps/ThirdPersonMap/7/WT/FPTL1PMQX4ZASQAT6ZK49Y
 |- Actor Path: /Game/ThirdPerson/Maps/ThirdPersonMap.ThirdPersonMap:PersistentLevel.StaticMeshActor_UAID_A05950BC56055D1802_1842626213
 |- Actor Package: /Game/__ExternalActors__/ThirdPerson/Maps/ThirdPersonMap/0/ZI/JLTYYRZM0ZKH732RCGTQWQ
 |- Actor Path: /Game/ThirdPerson/Maps/ThirdPersonMap.ThirdPersonMap:PersistentLevel.StaticMeshActor_UAID_A05950BC56055D1802_2131277214
 |- Actor Package: /Game/__ExternalActors__/ThirdPerson/Maps/ThirdPersonMap/8/E9/XANUOQS7PWHXPX2TDN5SOD
 |- Actor Path: /Game/ThirdPerson/Maps/ThirdPersonMap.ThirdPersonMap:PersistentLevel.StaticMeshActor_UAID_A05950BC56055E1802_1299957391
 |- Actor Package: /Game/__ExternalActors__/ThirdPerson/Maps/ThirdPersonMap/D/U0/LL29W19Q7EI1JBQ2MWL8EI
 |- Actor Path: /Game/ThirdPerson/Maps/ThirdPersonMap.ThirdPersonMap:PersistentLevel.StaticMeshActor_UAID_A05950BC56055E1802_1313673392
 |- Actor Package: /Game/__ExternalActors__/ThirdPerson/Maps/ThirdPersonMap/2/BX/H15ZCN1N0K4H2M3V4593GH
 |- Actor Path: /Game/ThirdPerson/Maps/ThirdPersonMap.ThirdPersonMap:PersistentLevel.StaticMeshActor_UAID_A05950BC56055E1802_1369541393
 |- Actor Package: /Game/__ExternalActors__/ThirdPerson/Maps/ThirdPersonMap/6/N1/B3CCPUSLKV1HDOSV9T5AND
 |- Actor Path: /Game/ThirdPerson/Maps/ThirdPersonMap.ThirdPersonMap:PersistentLevel.StaticMeshActor_UAID_A05950BC56055E1802_1376054394
 |- Actor Package: /Game/__ExternalActors__/ThirdPerson/Maps/ThirdPersonMap/2/JU/N4TYAM2KU32HAJ8G2VI45M
 |- Actor Path: /Game/ThirdPerson/Maps/ThirdPersonMap.ThirdPersonMap:PersistentLevel.StaticMeshActor_UAID_A05950BC56055E1802_1381062395
 |- Actor Package: /Game/__ExternalActors__/ThirdPerson/Maps/ThirdPersonMap/A/5M/ED6SF999GNGLHZ6MKWOAXR
 |- Actor Path: /Game/ThirdPerson/Maps/ThirdPersonMap.ThirdPersonMap:PersistentLevel.StaticMeshActor_UAID_A05950BC56055E1802_1394575396
 |- Actor Package: /Game/__ExternalActors__/ThirdPerson/Maps/ThirdPersonMap/8/5F/IX2Y8EP0GL38OM4SOLIH39
 |- Actor Path: /Game/ThirdPerson/Maps/ThirdPersonMap.ThirdPersonMap:PersistentLevel.StaticMeshActor_UAID_A05950BC56055E1802_1613281454
 |- Actor Package: /Game/__ExternalActors__/ThirdPerson/Maps/ThirdPersonMap/0/YQ/INVII9ZVT7ATDS2FQRDYFB
 |- Actor Path: /Game/ThirdPerson/Maps/ThirdPersonMap.ThirdPersonMap:PersistentLevel.StaticMeshActor_UAID_A4AE111137DC5EFB00_1110535423
 |- Actor Package: /Game/__ExternalActors__/ThirdPerson/Maps/ThirdPersonMap/4/PN/2QISIGK5DJNQ05US8O8FXW
 |- Actor Path: /Game/ThirdPerson/Maps/ThirdPersonMap.ThirdPersonMap:PersistentLevel.TextRenderActor_1
 |- Actor Package: /Game/__ExternalActors__/ThirdPerson/Maps/ThirdPersonMap/1/WU/NB37RT5Q32Z8MJWD8BD2SO
 |- Actor Path: /Game/ThirdPerson/Maps/ThirdPersonMap.ThirdPersonMap:PersistentLevel.VolumetricCloud_0
 |- Actor Package: /Game/__ExternalActors__/ThirdPerson/Maps/ThirdPersonMap/3/EY/87SHEJN5UBEAN2K5OV1G6R
 |- Actor Path: /Game/ThirdPerson/Maps/ThirdPersonMap.ThirdPersonMap:PersistentLevel.WorldDataLayers
 |- Actor Package: /Game/__ExternalActors__/ThirdPerson/Maps/ThirdPersonMap/0/43/HYQWORMY4JDQ5X3OKZXFLC

----------------------------------------------------------------------------------------------------------------
ThirdPersonMap - Runtime Hash Set
----------------------------------------------------------------------------------------------------------------

